# JRE version: Java(TM) SE Runtime Environment (17.0.8+9) (build 17.0.8+9-LTS-211)
# Java VM: Java HotSpot(TM) 64-Bit Server VM (17.0.8+9-LTS-211, mixed mode, sharing, tiered, compressed oops, compressed class ptrs, g1 gc, windows-amd64)
GC Precious Log:
 CPUs: 8 total, 8 available
 Memory: 7926M
 Large Page Support: Disabled
 NUMA Support: Disabled
 Compressed Oops: Enabled (32-bit)
 Heap Region Size: 1M
 Heap Min Capacity: 8M
 Heap Initial Capacity: 124M
 Heap Max Capacity: 1982M
 Pre-touch: Disabled
 Parallel Workers: 8
 Concurrent Workers: 2
 Concurrent Refinement Workers: 8
 Periodic GC: Disabled
Heap:
 garbage-first heap   total 115712K, used 74771K [0x0000000084200000, 0x0000000100000000)
  region size 1024K, 20 young (20480K), 1 survivors (1024K)
 Metaspace       used 63632K, committed 63936K, reserved 1114112K
  class space    used 7355K, committed 7488K, reserved 1048576K
GC Heap History (20 events):
Event: 13.563 GC heap before
{Heap before GC invocations=11 (full 0):
 garbage-first heap   total 86016K, used 66225K [0x0000000084200000, 0x0000000100000000)
  region size 1024K, 40 young (40960K), 5 survivors (5120K)
 Metaspace       used 47824K, committed 48128K, reserved 1114112K
  class space    used 6010K, committed 6144K, reserved 1048576K
}
Event: 13.599 GC heap after
{Heap after GC invocations=12 (full 0):
 garbage-first heap   total 86016K, used 34048K [0x0000000084200000, 0x0000000100000000)
  region size 1024K, 5 young (5120K), 5 survivors (5120K)
 Metaspace       used 47824K, committed 48128K, reserved 1114112K
  class space    used 6010K, committed 6144K, reserved 1048576K
}
Event: 18.561 GC heap before
{Heap before GC invocations=12 (full 0):
 garbage-first heap   total 86016K, used 64768K [0x0000000084200000, 0x0000000100000000)
  region size 1024K, 35 young (35840K), 5 survivors (5120K)
 Metaspace       used 50276K, committed 50560K, reserved 1114112K
  class space    used 6203K, committed 6336K, reserved 1048576K
}
Event: 18.621 GC heap after
{Heap after GC invocations=13 (full 0):
 garbage-first heap   total 86016K, used 39651K [0x0000000084200000, 0x0000000100000000)
  region size 1024K, 5 young (5120K), 5 survivors (5120K)
 Metaspace       used 50276K, committed 50560K, reserved 1114112K
  class space    used 6203K, committed 6336K, reserved 1048576K
}
Event: 20.097 GC heap before
{Heap before GC invocations=13 (full 0):
 garbage-first heap   total 86016K, used 66275K [0x0000000084200000, 0x0000000100000000)
  region size 1024K, 31 young (31744K), 5 survivors (5120K)
 Metaspace       used 50758K, committed 51072K, reserved 1114112K
  class space    used 6234K, committed 6336K, reserved 1048576K
}
Event: 20.158 GC heap after
{Heap after GC invocations=14 (full 0):
 garbage-first heap   total 86016K, used 44750K [0x0000000084200000, 0x0000000100000000)
  region size 1024K, 4 young (4096K), 4 survivors (4096K)
 Metaspace       used 50758K, committed 51072K, reserved 1114112K
  class space    used 6234K, committed 6336K, reserved 1048576K
}
Event: 21.495 GC heap before
{Heap before GC invocations=14 (full 0):
 garbage-first heap   total 86016K, used 67278K [0x0000000084200000, 0x0000000100000000)
  region size 1024K, 26 young (26624K), 4 survivors (4096K)
 Metaspace       used 52112K, committed 52480K, reserved 1114112K
  class space    used 6381K, committed 6528K, reserved 1048576K
}
Event: 21.528 GC heap after
{Heap after GC invocations=15 (full 0):
 garbage-first heap   total 86016K, used 47009K [0x0000000084200000, 0x0000000100000000)
  region size 1024K, 2 young (2048K), 2 survivors (2048K)
 Metaspace       used 52112K, committed 52480K, reserved 1114112K
  class space    used 6381K, committed 6528K, reserved 1048576K
}
Event: 26.842 GC heap before
{Heap before GC invocations=16 (full 0):
 garbage-first heap   total 86016K, used 67489K [0x0000000084200000, 0x0000000100000000)
  region size 1024K, 23 young (23552K), 2 survivors (2048K)
 Metaspace       used 54144K, committed 54464K, reserved 1114112K
  class space    used 6584K, committed 6720K, reserved 1048576K
}
Event: 26.874 GC heap after
{Heap after GC invocations=17 (full 0):
 garbage-first heap   total 86016K, used 49790K [0x0000000084200000, 0x0000000100000000)
  region size 1024K, 3 young (3072K), 3 survivors (3072K)
 Metaspace       used 54144K, committed 54464K, reserved 1114112K
  class space    used 6584K, committed 6720K, reserved 1048576K
}
Event: 30.993 GC heap before
{Heap before GC invocations=17 (full 0):
 garbage-first heap   total 86016K, used 69246K [0x0000000084200000, 0x0000000100000000)
  region size 1024K, 22 young (22528K), 3 survivors (3072K)
 Metaspace       used 55869K, committed 56128K, reserved 1114112K
  class space    used 6657K, committed 6784K, reserved 1048576K
}
Event: 31.029 GC heap after
{Heap after GC invocations=18 (full 0):
 garbage-first heap   total 86016K, used 52615K [0x0000000084200000, 0x0000000100000000)
  region size 1024K, 3 young (3072K), 3 survivors (3072K)
 Metaspace       used 55869K, committed 56128K, reserved 1114112K
  class space    used 6657K, committed 6784K, reserved 1048576K
}
Event: 35.269 GC heap before
{Heap before GC invocations=19 (full 0):
 garbage-first heap   total 91136K, used 70023K [0x0000000084200000, 0x0000000100000000)
  region size 1024K, 20 young (20480K), 3 survivors (3072K)
 Metaspace       used 56575K, committed 56832K, reserved 1114112K
  class space    used 6675K, committed 6784K, reserved 1048576K
}
Event: 35.294 GC heap after
{Heap after GC invocations=20 (full 0):
 garbage-first heap   total 91136K, used 54149K [0x0000000084200000, 0x0000000100000000)
  region size 1024K, 2 young (2048K), 2 survivors (2048K)
 Metaspace       used 56575K, committed 56832K, reserved 1114112K
  class space    used 6675K, committed 6784K, reserved 1048576K
}
Event: 37.993 GC heap before
{Heap before GC invocations=20 (full 0):
 garbage-first heap   total 91136K, used 73605K [0x0000000084200000, 0x0000000100000000)
  region size 1024K, 21 young (21504K), 2 survivors (2048K)
 Metaspace       used 59434K, committed 59712K, reserved 1114112K
  class space    used 6976K, committed 7104K, reserved 1048576K
}
Event: 38.020 GC heap after
{Heap after GC invocations=21 (full 0):
 garbage-first heap   total 91136K, used 55205K [0x0000000084200000, 0x0000000100000000)
  region size 1024K, 3 young (3072K), 3 survivors (3072K)
 Metaspace       used 59434K, committed 59712K, reserved 1114112K
  class space    used 6976K, committed 7104K, reserved 1048576K
}
Event: 41.139 GC heap before
{Heap before GC invocations=22 (full 0):
 garbage-first heap   total 96256K, used 72613K [0x0000000084200000, 0x0000000100000000)
  region size 1024K, 21 young (21504K), 3 survivors (3072K)
 Metaspace       used 63274K, committed 63616K, reserved 1114112K
  class space    used 7336K, committed 7488K, reserved 1048576K
}
Event: 41.175 GC heap after
{Heap after GC invocations=23 (full 0):
 garbage-first heap   total 96256K, used 56396K [0x0000000084200000, 0x0000000100000000)
  region size 1024K, 3 young (3072K), 3 survivors (3072K)
 Metaspace       used 63274K, committed 63616K, reserved 1114112K
  class space    used 7336K, committed 7488K, reserved 1048576K
}
Event: 41.256 GC heap before
{Heap before GC invocations=23 (full 0):
 garbage-first heap   total 96256K, used 57420K [0x0000000084200000, 0x0000000100000000)
  region size 1024K, 4 young (4096K), 3 survivors (3072K)
 Metaspace       used 63293K, committed 63616K, reserved 1114112K
  class space    used 7336K, committed 7488K, reserved 1048576K
}
Event: 41.279 GC heap after
{Heap after GC invocations=24 (full 0):
 garbage-first heap   total 115712K, used 56339K [0x0000000084200000, 0x0000000100000000)
  region size 1024K, 1 young (1024K), 1 survivors (1024K)
 Metaspace       used 63293K, committed 63616K, reserved 1114112K
  class space    used 7336K, committed 7488K, reserved 1048576K
}

